#
# There is insufficient memory for the Java Runtime Environment to continue.
# Native memory allocation (mmap) failed to map 58720256 bytes for G1 virtual space
# Possible reasons:
#   The system is out of physical RAM or swap space
#   The process is running with CompressedOops enabled, and the Java Heap may be blocking the growth of the native heap
# Possible solutions:
#   Reduce memory load on the system
#   Increase physical memory or swap space
#   Check if swap backing store is full
#   Decrease Java heap size (-Xmx/-Xms)
#   Decrease number of Java threads
#   Decrease Java thread stack sizes (-Xss)
#   Set larger code cache with -XX:ReservedCodeCacheSize=
#   JVM is running with Unscaled Compressed Oops mode in which the Java heap is
#     placed in the first 4GB address space. The Java Heap base address is the
#     maximum limit for the native heap growth. Please use -XX:HeapBaseMinAddress
#     to set the Java Heap base and to place the Java Heap above 4GB virtual address.
# This output file may be truncated or incomplete.
#
#  Out of Memory Error (os_windows.cpp:3532), pid=14860, tid=8084
#
# JRE version:  (17.0.2+8) (build )
# Java VM: Java HotSpot(TM) 64-Bit Server VM (17.0.2+8-LTS-86, mixed mode, sharing, tiered, compressed oops, compressed class ptrs, g1 gc, windows-amd64)
# No core dump will be written. Minidumps are not enabled by default on client versions of Windows
#

---------------  S U M M A R Y ------------

Command Line: -Dfile.encoding=Cp1252 -XX:+ShowCodeDetailsInExceptionMessages Captulo4.main

Host: Intel(R) Core(TM) i5-5200U CPU @ 2.20GHz, 4 cores, 3G,  Windows 10 , 64 bit Build 19041 (10.0.19041.1889)
Time: Wed Sep 14 20:29:50 2022 Hora oficial do Brasil elapsed time: 0.281183 seconds (0d 0h 0m 0s)

---------------  T H R E A D  ---------------

Current thread (0x000001a57e5a9610):  JavaThread "Unknown thread" [_thread_in_vm, id=8084, stack(0x0000003259c00000,0x0000003259d00000)]

Stack: [0x0000003259c00000,0x0000003259d00000]
Native frames: (J=compiled Java code, j=interpreted, Vv=VM code, C=native code)
V  [jvm.dll+0x670baa]
V  [jvm.dll+0x7cfcb4]
V  [jvm.dll+0x7d145e]
V  [jvm.dll+0x7d1ac3]
V  [jvm.dll+0x242bc5]
V  [jvm.dll+0x66dac9]
V  [jvm.dll+0x662412]
V  [jvm.dll+0x300c0b]
V  [jvm.dll+0x3081a6]
V  [jvm.dll+0x357d0e]
V  [jvm.dll+0x357f3f]
V  [jvm.dll+0x2d7ec8]
V  [jvm.dll+0x2d8e34]
V  [jvm.dll+0x7a18c1]
V  [jvm.dll+0x365a91]
V  [jvm.dll+0x780d2c]
V  [jvm.dll+0x3e845f]
V  [jvm.dll+0x3e9f01]
C  [jli.dll+0x527b]
C  [ucrtbase.dll+0x21bb2]
C  [KERNEL32.DLL+0x17034]
C  [ntdll.dll+0x52651]


---------------  P R O C E S S  ---------------

Threads class SMR info:
_java_thread_list=0x00007ffc3a839858, length=0, elements={
}

Java Threads: ( => current thread )

Other Threads:
  0x000001a57e5d73d0 GCTaskThread "GC Thread#0" [stack: 0x0000003259d00000,0x0000003259e00000] [id=15208]
  0x000001a57e5e0810 ConcurrentGCThread "G1 Main Marker" [stack: 0x0000003259e00000,0x0000003259f00000] [id=15204]
  0x000001a57e5e1130 ConcurrentGCThread "G1 Conc#0" [stack: 0x0000003259f00000,0x000000325a000000] [id=14332]

[error occurred during error reporting (printing all threads), id 0xc0000005, EXCEPTION_ACCESS_VIOLATION (0xc0000005) at pc=0x00007ffc3a0888a7]

VM state: not at safepoint (not fully initialized)

VM Mutex/Monitor currently owned by a thread:  ([mutex/lock_event])
[0x000001a57e5a5f30] Heap_lock - owner thread: 0x000001a57e5a9610

Heap address: 0x00000000c8e00000, size: 882 MB, Compressed Oops mode: 32-bit

CDS archive(s) mapped at: [0x0000000000000000-0x0000000000000000-0x0000000000000000), size 0, SharedBaseAddress: 0x0000000800000000, ArchiveRelocationMode: 0.
Narrow klass base: 0x0000000000000000, Narrow klass shift: 0, Narrow klass range: 0x0

GC Precious Log:
<Empty>

Heap:
 garbage-first heap   total 0K, used 0K [0x00000000c8e00000, 0x0000000100000000)
  region size 1024K, 0 young (0K), 0 survivors (0K)

[error occurred during error reporting (printing heap information), id 0xc0000005, EXCEPTION_ACCESS_VIOLATION (0xc0000005) at pc=0x00007ffc3a469f19]

GC Heap History (0 events):
No events

Deoptimization events (0 events):
No events

Classes unloaded (0 events):
No events

Classes redefined (0 events):
No events

Internal exceptions (0 events):
No events

VM Operations (0 events):
No events

Events (1 events):
Event: 0.011 Loaded shared library C:\Program Files\Java\jdk-17.0.2\bin\java.dll


Dynamic libraries:
0x00007ff66ea40000 - 0x00007ff66ea50000 	C:\Program Files\Java\jdk-17.0.2\bin\javaw.exe
0x00007ffc883b0000 - 0x00007ffc885a8000 	C:\WINDOWS\SYSTEM32\ntdll.dll
0x00007ffc87440000 - 0x00007ffc874fd000 	C:\WINDOWS\System32\KERNEL32.DLL
0x00007ffc85d10000 - 0x00007ffc85fde000 	C:\WINDOWS\System32\KERNELBASE.dll
0x00007ffc85ba0000 - 0x00007ffc85ca0000 	C:\WINDOWS\System32\ucrtbase.dll
0x00007ffc82530000 - 0x00007ffc8254a000 	C:\Program Files\Java\jdk-17.0.2\bin\VCRUNTIME140.dll
0x00007ffc82590000 - 0x00007ffc825a8000 	C:\Program Files\Java\jdk-17.0.2\bin\jli.dll
0x00007ffc86c00000 - 0x00007ffc86cae000 	C:\WINDOWS\System32\ADVAPI32.dll
0x00007ffc876a0000 - 0x00007ffc8773e000 	C:\WINDOWS\System32\msvcrt.dll
0x00007ffc87740000 - 0x00007ffc877dc000 	C:\WINDOWS\System32\sechost.dll
0x00007ffc86450000 - 0x00007ffc86575000 	C:\WINDOWS\System32\RPCRT4.dll
0x00007ffc87500000 - 0x00007ffc876a0000 	C:\WINDOWS\System32\USER32.dll
0x00007ffc7d7c0000 - 0x00007ffc7da5a000 	C:\WINDOWS\WinSxS\amd64_microsoft.windows.common-controls_6595b64144ccf1df_6.0.19041.1110_none_60b5254171f9507e\COMCTL32.dll
0x00007ffc86190000 - 0x00007ffc861b2000 	C:\WINDOWS\System32\win32u.dll
0x00007ffc87080000 - 0x00007ffc870aa000 	C:\WINDOWS\System32\GDI32.dll
0x00007ffc86300000 - 0x00007ffc8640b000 	C:\WINDOWS\System32\gdi32full.dll
0x00007ffc85b00000 - 0x00007ffc85b9d000 	C:\WINDOWS\System32\msvcp_win.dll
0x00007ffc7e7b0000 - 0x00007ffc7e7ba000 	C:\WINDOWS\SYSTEM32\VERSION.dll
0x00007ffc86420000 - 0x00007ffc86450000 	C:\WINDOWS\System32\IMM32.DLL
0x00007ffc82580000 - 0x00007ffc8258c000 	C:\Program Files\Java\jdk-17.0.2\bin\vcruntime140_1.dll
0x00007ffc772c0000 - 0x00007ffc7734d000 	C:\Program Files\Java\jdk-17.0.2\bin\msvcp140.dll
0x00007ffc39da0000 - 0x00007ffc3a961000 	C:\Program Files\Java\jdk-17.0.2\bin\server\jvm.dll
0x00007ffc87fb0000 - 0x00007ffc87fb8000 	C:\WINDOWS\System32\PSAPI.DLL
0x00007ffc6df40000 - 0x00007ffc6df67000 	C:\WINDOWS\SYSTEM32\WINMM.dll
0x00007ffc7f4f0000 - 0x00007ffc7f4f9000 	C:\WINDOWS\SYSTEM32\WSOCK32.dll
0x00007ffc87010000 - 0x00007ffc8707b000 	C:\WINDOWS\System32\WS2_32.dll
0x00007ffc84380000 - 0x00007ffc84392000 	C:\WINDOWS\SYSTEM32\kernel.appcore.dll
0x00007ffc772b0000 - 0x00007ffc772ba000 	C:\Program Files\Java\jdk-17.0.2\bin\jimage.dll
0x00007ffc838e0000 - 0x00007ffc83ac4000 	C:\WINDOWS\SYSTEM32\DBGHELP.DLL
0x00007ffc82550000 - 0x00007ffc8257c000 	C:\WINDOWS\SYSTEM32\dbgcore.DLL
0x00007ffc86270000 - 0x00007ffc862f2000 	C:\WINDOWS\System32\bcryptPrimitives.dll
0x00007ffc77280000 - 0x00007ffc772a5000 	C:\Program Files\Java\jdk-17.0.2\bin\java.dll

dbghelp: loaded successfully - version: 4.0.5 - missing functions: none
symbol engine: initialized successfully - sym options: 0x614 - pdb path: .;C:\Program Files\Java\jdk-17.0.2\bin;C:\WINDOWS\SYSTEM32;C:\WINDOWS\WinSxS\amd64_microsoft.windows.common-controls_6595b64144ccf1df_6.0.19041.1110_none_60b5254171f9507e;C:\Program Files\Java\jdk-17.0.2\bin\server

VM Arguments:
jvm_args: -Dfile.encoding=Cp1252 -XX:+ShowCodeDetailsInExceptionMessages 
java_command: Captulo4.main
java_class_path (initial): C:\Users\aluno\Desktop\AlexandreFaculdade\JavaAlexandre\Src\bin
Launcher Type: SUN_STANDARD

[Global flags]
     intx CICompilerCount                          = 3                                         {product} {ergonomic}
     uint ConcGCThreads                            = 1                                         {product} {ergonomic}
     uint G1ConcRefinementThreads                  = 4                                         {product} {ergonomic}
   size_t G1HeapRegionSize                         = 1048576                                   {product} {ergonomic}
    uintx GCDrainStackTargetSize                   = 64                                        {product} {ergonomic}
   size_t InitialHeapSize                          = 58720256                                  {product} {ergonomic}
   size_t MarkStackSize                            = 4194304                                   {product} {ergonomic}
   size_t MaxHeapSize                              = 924844032                                 {product} {ergonomic}
   size_t MinHeapDeltaBytes                        = 1048576                                   {product} {ergonomic}
   size_t MinHeapSize                              = 8388608                                   {product} {ergonomic}
    uintx NonNMethodCodeHeapSize                   = 5832780                                {pd product} {ergonomic}
    uintx NonProfiledCodeHeapSize                  = 122912730                              {pd product} {ergonomic}
    uintx ProfiledCodeHeapSize                     = 122912730                              {pd product} {ergonomic}
    uintx ReservedCodeCacheSize                    = 251658240                              {pd product} {ergonomic}
     bool SegmentedCodeCache                       = true                                      {product} {ergonomic}
     bool ShowCodeDetailsInExceptionMessages       = true                                   {manageable} {command line}
   size_t SoftMaxHeapSize                          = 924844032                              {manageable} {ergonomic}
     bool UseCompressedClassPointers               = true                           {product lp64_product} {ergonomic}
     bool UseCompressedOops                        = true                           {product lp64_product} {ergonomic}
     bool UseG1GC                                  = true                                      {product} {ergonomic}
     bool UseLargePagesIndividualAllocation        = false                                  {pd product} {ergonomic}

Logging:
Log output configuration:
 #0: stdout all=warning uptime,level,tags
 #1: stderr all=off uptime,level,tags

Environment Variables:
JAVA_HOME=C:\Program Files\Java\jdk-17.0.2
PATH=C:\Program Files\Common Files\Oracle\Java\javapath;C:\Program Files (x86)\Common Files\Oracle\Java\javapath;C:\WINDOWS\system32;C:\WINDOWS;C:\WINDOWS\System32\Wbem;C:\WINDOWS\System32\WindowsPowerShell\v1.0\;C:\WINDOWS\System32\OpenSSH\;C:\Program Files\Microsoft VS Code\bin;C:\Program Files\Java\jdk-17.0.2\bin;C:\Program Files\nodejs\;C:\Users\aluno\AppData\Local\Microsoft\WindowsApps;C:\Users\aluno\AppData\Roaming\npm;C:\Users\aluno\AppData\Local\Programs\Git\cmd
USERNAME=aluno
OS=Windows_NT
PROCESSOR_IDENTIFIER=Intel64 Family 6 Model 61 Stepping 4, GenuineIntel



---------------  S Y S T E M  ---------------

OS:
 Windows 10 , 64 bit Build 19041 (10.0.19041.1889)
OS uptime: 0 days 1:35 hours

CPU: total 4 (initial active 4) (2 cores per cpu, 2 threads per core) family 6 model 61 stepping 4 microcode 0x2d, cx8, cmov, fxsr, ht, mmx, 3dnowpref, sse, sse2, sse3, ssse3, sse4.1, sse4.2, popcnt, lzcnt, tsc, tscinvbit, avx, avx2, aes, erms, clmul, bmi1, bmi2, adx, fma, vzeroupper, clflush

Memory: 4k page, system-wide physical 3521M (250M free)
TotalPageFile size 14273M (AvailPageFile size 7M)
current process WorkingSet (physical memory assigned to process): 10M, peak: 10M
current process commit charge ("private bytes"): 51M, peak: 107M

vm_info: Java HotSpot(TM) 64-Bit Server VM (17.0.2+8-LTS-86) for windows-amd64 JRE (17.0.2+8-LTS-86), built on Dec  7 2021 21:51:03 by "mach5one" with MS VC++ 16.8 / 16.9 (VS2019)

END.
