#
# There is insufficient memory for the Java Runtime Environment to continue.
# Native memory allocation (malloc) failed to allocate 32744 bytes for ChunkPool::allocate
# Possible reasons:
#   The system is out of physical RAM or swap space
#   The process is running with CompressedOops enabled, and the Java Heap may be blocking the growth of the native heap
# Possible solutions:
#   Reduce memory load on the system
#   Increase physical memory or swap space
#   Check if swap backing store is full
#   Decrease Java heap size (-Xmx/-Xms)
#   Decrease number of Java threads
#   Decrease Java thread stack sizes (-Xss)
#   Set larger code cache with -XX:ReservedCodeCacheSize=
#   JVM is running with Unscaled Compressed Oops mode in which the Java heap is
#     placed in the first 4GB address space. The Java Heap base address is the
#     maximum limit for the native heap growth. Please use -XX:HeapBaseMinAddress
#     to set the Java Heap base and to place the Java Heap above 4GB virtual address.
# This output file may be truncated or incomplete.
#
#  Out of Memory Error (arena.cpp:78), pid=11700, tid=16472
#
# JRE version: Java(TM) SE Runtime Environment (17.0.2+8) (build 17.0.2+8-LTS-86)
# Java VM: Java HotSpot(TM) 64-Bit Server VM (17.0.2+8-LTS-86, mixed mode, sharing, tiered, compressed oops, compressed class ptrs, g1 gc, windows-amd64)
# No core dump will be written. Minidumps are not enabled by default on client versions of Windows
#

---------------  S U M M A R Y ------------

Command Line: -Dfile.encoding=Cp1252 -XX:+ShowCodeDetailsInExceptionMessages PRINCIPAL.principal

Host: Intel(R) Core(TM) i5-5200U CPU @ 2.20GHz, 4 cores, 3G,  Windows 10 , 64 bit Build 19041 (10.0.19041.1889)
Time: Wed Aug 10 20:47:20 2022 Hora oficial do Brasil elapsed time: 12.558732 seconds (0d 0h 0m 12s)

---------------  T H R E A D  ---------------

Current thread (0x0000025303da7ae0):  JavaThread "C2 CompilerThread0" daemon [_thread_in_native, id=16472, stack(0x000000ff9bb00000,0x000000ff9bc00000)]


Current CompileTask:
C2:  12558  555       4       jdk.internal.org.objectweb.asm.Symbol::<init> (38 bytes)

Stack: [0x000000ff9bb00000,0x000000ff9bc00000]
Native frames: (J=compiled Java code, j=interpreted, Vv=VM code, C=native code)
V  [jvm.dll+0x670baa]
V  [jvm.dll+0x7cfcb4]
V  [jvm.dll+0x7d145e]
V  [jvm.dll+0x7d1ac3]
V  [jvm.dll+0x242bc5]
V  [jvm.dll+0xaa7c0]
V  [jvm.dll+0xaab0c]
V  [jvm.dll+0x29ef96]
V  [jvm.dll+0x29ed54]
V  [jvm.dll+0x793650]
V  [jvm.dll+0x791061]
V  [jvm.dll+0x6975db]
V  [jvm.dll+0x33b254]
V  [jvm.dll+0x68c546]
V  [jvm.dll+0x68b992]
V  [jvm.dll+0x686e78]
V  [jvm.dll+0x680f6b]
V  [jvm.dll+0x6805a7]
V  [jvm.dll+0x67e4a2]
V  [jvm.dll+0x1a4d2c]
V  [jvm.dll+0x214c78]
V  [jvm.dll+0x1a1bbd]
V  [jvm.dll+0x224908]
V  [jvm.dll+0x222a6c]
V  [jvm.dll+0x7859bb]
V  [jvm.dll+0x77ff7a]
V  [jvm.dll+0x66fa35]
C  [ucrtbase.dll+0x21bb2]
C  [KERNEL32.DLL+0x17034]
C  [ntdll.dll+0x52651]


---------------  P R O C E S S  ---------------

Threads class SMR info:
_java_thread_list=0x0000025304aa7290, length=16, elements={
0x000002536703aa90, 0x00000253671195e0, 0x000002536711c5b0, 0x0000025303d9dde0,
0x0000025303da07b0, 0x0000025303da1070, 0x0000025303da3940, 0x0000025303da7ae0,
0x0000025303da8490, 0x0000025303dca560, 0x000002530482e560, 0x0000025304831680,
0x0000025304a2bbc0, 0x0000025304a54b60, 0x0000025304a42020, 0x0000025304a42860
}

Java Threads: ( => current thread )
  0x000002536703aa90 JavaThread "main" [_thread_in_vm, id=18272, stack(0x000000ff9ae00000,0x000000ff9af00000)]
  0x00000253671195e0 JavaThread "Reference Handler" daemon [_thread_blocked, id=17660, stack(0x000000ff9b500000,0x000000ff9b600000)]
  0x000002536711c5b0 JavaThread "Finalizer" daemon [_thread_blocked, id=18340, stack(0x000000ff9b600000,0x000000ff9b700000)]
  0x0000025303d9dde0 JavaThread "Signal Dispatcher" daemon [_thread_blocked, id=6216, stack(0x000000ff9b700000,0x000000ff9b800000)]
  0x0000025303da07b0 JavaThread "Attach Listener" daemon [_thread_blocked, id=18016, stack(0x000000ff9b800000,0x000000ff9b900000)]
  0x0000025303da1070 JavaThread "Service Thread" daemon [_thread_blocked, id=16924, stack(0x000000ff9b900000,0x000000ff9ba00000)]
  0x0000025303da3940 JavaThread "Monitor Deflation Thread" daemon [_thread_blocked, id=17532, stack(0x000000ff9ba00000,0x000000ff9bb00000)]
=>0x0000025303da7ae0 JavaThread "C2 CompilerThread0" daemon [_thread_in_native, id=16472, stack(0x000000ff9bb00000,0x000000ff9bc00000)]
  0x0000025303da8490 JavaThread "C1 CompilerThread0" daemon [_thread_in_native, id=4120, stack(0x000000ff9bc00000,0x000000ff9bd00000)]
  0x0000025303dca560 JavaThread "Sweeper thread" daemon [_thread_blocked, id=18072, stack(0x000000ff9bd00000,0x000000ff9be00000)]
  0x000002530482e560 JavaThread "Notification Thread" daemon [_thread_blocked, id=18160, stack(0x000000ff9be00000,0x000000ff9bf00000)]
  0x0000025304831680 JavaThread "Common-Cleaner" daemon [_thread_blocked, id=18212, stack(0x000000ff9c000000,0x000000ff9c100000)]
  0x0000025304a2bbc0 JavaThread "Java2D Disposer" daemon [_thread_blocked, id=16920, stack(0x000000ff9c100000,0x000000ff9c200000)]
  0x0000025304a54b60 JavaThread "AWT-Windows" daemon [_thread_in_native, id=2056, stack(0x000000ff9c300000,0x000000ff9c400000)]
  0x0000025304a42020 JavaThread "AWT-Shutdown" [_thread_blocked, id=7352, stack(0x000000ff9c200000,0x000000ff9c300000)]
  0x0000025304a42860 JavaThread "AWT-EventQueue-0" [_thread_in_vm, id=17304, stack(0x000000ff9c400000,0x000000ff9c500000)]

Other Threads:
  0x0000025367110360 VMThread "VM Thread" [stack: 0x000000ff9b400000,0x000000ff9b500000] [id=7460]
  0x000002530482ea30 WatcherThread [stack: 0x000000ff9bf00000,0x000000ff9c000000] [id=18156]
  0x00000253670670d0 GCTaskThread "GC Thread#0" [stack: 0x000000ff9af00000,0x000000ff9b000000] [id=7328]
  0x0000025367070910 ConcurrentGCThread "G1 Main Marker" [stack: 0x000000ff9b000000,0x000000ff9b100000] [id=16264]
  0x0000025367071230 ConcurrentGCThread "G1 Conc#0" [stack: 0x000000ff9b100000,0x000000ff9b200000] [id=10680]
  0x00000253670ae340 ConcurrentGCThread "G1 Refine#0" [stack: 0x000000ff9b200000,0x000000ff9b300000] [id=7176]
  0x00000253670afb20 ConcurrentGCThread "G1 Service" [stack: 0x000000ff9b300000,0x000000ff9b400000] [id=17520]

Threads with active compile tasks:
C2 CompilerThread0    13505  555       4       jdk.internal.org.objectweb.asm.Symbol::<init> (38 bytes)
C1 CompilerThread0    13505  556       3       jdk.internal.org.objectweb.asm.Type::getTypeInternal (199 bytes)

VM state: not at safepoint (normal execution)

VM Mutex/Monitor currently owned by a thread:  ([mutex/lock_event])
[0x0000025367032320] Metaspace_lock - owner thread: 0x000002536703aa90

Heap address: 0x00000000c8e00000, size: 882 MB, Compressed Oops mode: 32-bit

CDS archive(s) mapped at: [0x0000000800000000-0x0000000800bc0000-0x0000000800bc0000), size 12320768, SharedBaseAddress: 0x0000000800000000, ArchiveRelocationMode: 0.
Compressed class space mapped at: 0x0000000800c00000-0x0000000840c00000, reserved size: 1073741824
Narrow klass base: 0x0000000800000000, Narrow klass shift: 0, Narrow klass range: 0x100000000

GC Precious Log:
 CPUs: 4 total, 4 available
 Memory: 3521M
 Large Page Support: Disabled
 NUMA Support: Disabled
 Compressed Oops: Enabled (32-bit)
 Heap Region Size: 1M
 Heap Min Capacity: 8M
 Heap Initial Capacity: 56M
 Heap Max Capacity: 882M
 Pre-touch: Disabled
 Parallel Workers: 4
 Concurrent Workers: 1
 Concurrent Refinement Workers: 4
 Periodic GC: Disabled

Heap:
 garbage-first heap   total 57344K, used 4096K [0x00000000c8e00000, 0x0000000100000000)
  region size 1024K, 5 young (5120K), 0 survivors (0K)
 Metaspace       used 5351K, committed 5504K, reserved 1056768K
  class space    used 586K, committed 704K, reserved 1048576K

Heap Regions: E=young(eden), S=young(survivor), O=old, HS=humongous(starts), HC=humongous(continues), CS=collection set, F=free, OA=open archive, CA=closed archive, TAMS=top-at-mark-start (previous, next)
|   0|0x00000000c8e00000, 0x00000000c8e00000, 0x00000000c8f00000|  0%| F|  |TAMS 0x00000000c8e00000, 0x00000000c8e00000| Untracked 
|   1|0x00000000c8f00000, 0x00000000c8f00000, 0x00000000c9000000|  0%| F|  |TAMS 0x00000000c8f00000, 0x00000000c8f00000| Untracked 
|   2|0x00000000c9000000, 0x00000000c9000000, 0x00000000c9100000|  0%| F|  |TAMS 0x00000000c9000000, 0x00000000c9000000| Untracked 
|   3|0x00000000c9100000, 0x00000000c9100000, 0x00000000c9200000|  0%| F|  |TAMS 0x00000000c9100000, 0x00000000c9100000| Untracked 
|   4|0x00000000c9200000, 0x00000000c9200000, 0x00000000c9300000|  0%| F|  |TAMS 0x00000000c9200000, 0x00000000c9200000| Untracked 
|   5|0x00000000c9300000, 0x00000000c9300000, 0x00000000c9400000|  0%| F|  |TAMS 0x00000000c9300000, 0x00000000c9300000| Untracked 
|   6|0x00000000c9400000, 0x00000000c9400000, 0x00000000c9500000|  0%| F|  |TAMS 0x00000000c9400000, 0x00000000c9400000| Untracked 
|   7|0x00000000c9500000, 0x00000000c9500000, 0x00000000c9600000|  0%| F|  |TAMS 0x00000000c9500000, 0x00000000c9500000| Untracked 
|   8|0x00000000c9600000, 0x00000000c9600000, 0x00000000c9700000|  0%| F|  |TAMS 0x00000000c9600000, 0x00000000c9600000| Untracked 
|   9|0x00000000c9700000, 0x00000000c9700000, 0x00000000c9800000|  0%| F|  |TAMS 0x00000000c9700000, 0x00000000c9700000| Untracked 
|  10|0x00000000c9800000, 0x00000000c9800000, 0x00000000c9900000|  0%| F|  |TAMS 0x00000000c9800000, 0x00000000c9800000| Untracked 
|  11|0x00000000c9900000, 0x00000000c9900000, 0x00000000c9a00000|  0%| F|  |TAMS 0x00000000c9900000, 0x00000000c9900000| Untracked 
|  12|0x00000000c9a00000, 0x00000000c9a00000, 0x00000000c9b00000|  0%| F|  |TAMS 0x00000000c9a00000, 0x00000000c9a00000| Untracked 
|  13|0x00000000c9b00000, 0x00000000c9b00000, 0x00000000c9c00000|  0%| F|  |TAMS 0x00000000c9b00000, 0x00000000c9b00000| Untracked 
|  14|0x00000000c9c00000, 0x00000000c9c00000, 0x00000000c9d00000|  0%| F|  |TAMS 0x00000000c9c00000, 0x00000000c9c00000| Untracked 
|  15|0x00000000c9d00000, 0x00000000c9d00000, 0x00000000c9e00000|  0%| F|  |TAMS 0x00000000c9d00000, 0x00000000c9d00000| Untracked 
|  16|0x00000000c9e00000, 0x00000000c9e00000, 0x00000000c9f00000|  0%| F|  |TAMS 0x00000000c9e00000, 0x00000000c9e00000| Untracked 
|  17|0x00000000c9f00000, 0x00000000c9f00000, 0x00000000ca000000|  0%| F|  |TAMS 0x00000000c9f00000, 0x00000000c9f00000| Untracked 
|  18|0x00000000ca000000, 0x00000000ca000000, 0x00000000ca100000|  0%| F|  |TAMS 0x00000000ca000000, 0x00000000ca000000| Untracked 
|  19|0x00000000ca100000, 0x00000000ca100000, 0x00000000ca200000|  0%| F|  |TAMS 0x00000000ca100000, 0x00000000ca100000| Untracked 
|  20|0x00000000ca200000, 0x00000000ca200000, 0x00000000ca300000|  0%| F|  |TAMS 0x00000000ca200000, 0x00000000ca200000| Untracked 
|  21|0x00000000ca300000, 0x00000000ca300000, 0x00000000ca400000|  0%| F|  |TAMS 0x00000000ca300000, 0x00000000ca300000| Untracked 
|  22|0x00000000ca400000, 0x00000000ca400000, 0x00000000ca500000|  0%| F|  |TAMS 0x00000000ca400000, 0x00000000ca400000| Untracked 
|  23|0x00000000ca500000, 0x00000000ca500000, 0x00000000ca600000|  0%| F|  |TAMS 0x00000000ca500000, 0x00000000ca500000| Untracked 
|  24|0x00000000ca600000, 0x00000000ca600000, 0x00000000ca700000|  0%| F|  |TAMS 0x00000000ca600000, 0x00000000ca600000| Untracked 
|  25|0x00000000ca700000, 0x00000000ca700000, 0x00000000ca800000|  0%| F|  |TAMS 0x00000000ca700000, 0x00000000ca700000| Untracked 
|  26|0x00000000ca800000, 0x00000000ca800000, 0x00000000ca900000|  0%| F|  |TAMS 0x00000000ca800000, 0x00000000ca800000| Untracked 
|  27|0x00000000ca900000, 0x00000000ca900000, 0x00000000caa00000|  0%| F|  |TAMS 0x00000000ca900000, 0x00000000ca900000| Untracked 
|  28|0x00000000caa00000, 0x00000000caa00000, 0x00000000cab00000|  0%| F|  |TAMS 0x00000000caa00000, 0x00000000caa00000| Untracked 
|  29|0x00000000cab00000, 0x00000000cab00000, 0x00000000cac00000|  0%| F|  |TAMS 0x00000000cab00000, 0x00000000cab00000| Untracked 
|  30|0x00000000cac00000, 0x00000000cac00000, 0x00000000cad00000|  0%| F|  |TAMS 0x00000000cac00000, 0x00000000cac00000| Untracked 
|  31|0x00000000cad00000, 0x00000000cad00000, 0x00000000cae00000|  0%| F|  |TAMS 0x00000000cad00000, 0x00000000cad00000| Untracked 
|  32|0x00000000cae00000, 0x00000000cae00000, 0x00000000caf00000|  0%| F|  |TAMS 0x00000000cae00000, 0x00000000cae00000| Untracked 
|  33|0x00000000caf00000, 0x00000000caf00000, 0x00000000cb000000|  0%| F|  |TAMS 0x00000000caf00000, 0x00000000caf00000| Untracked 
|  34|0x00000000cb000000, 0x00000000cb000000, 0x00000000cb100000|  0%| F|  |TAMS 0x00000000cb000000, 0x00000000cb000000| Untracked 
|  35|0x00000000cb100000, 0x00000000cb100000, 0x00000000cb200000|  0%| F|  |TAMS 0x00000000cb100000, 0x00000000cb100000| Untracked 
|  36|0x00000000cb200000, 0x00000000cb200000, 0x00000000cb300000|  0%| F|  |TAMS 0x00000000cb200000, 0x00000000cb200000| Untracked 
|  37|0x00000000cb300000, 0x00000000cb300000, 0x00000000cb400000|  0%| F|  |TAMS 0x00000000cb300000, 0x00000000cb300000| Untracked 
|  38|0x00000000cb400000, 0x00000000cb400000, 0x00000000cb500000|  0%| F|  |TAMS 0x00000000cb400000, 0x00000000cb400000| Untracked 
|  39|0x00000000cb500000, 0x00000000cb500000, 0x00000000cb600000|  0%| F|  |TAMS 0x00000000cb500000, 0x00000000cb500000| Untracked 
|  40|0x00000000cb600000, 0x00000000cb600000, 0x00000000cb700000|  0%| F|  |TAMS 0x00000000cb600000, 0x00000000cb600000| Untracked 
|  41|0x00000000cb700000, 0x00000000cb700000, 0x00000000cb800000|  0%| F|  |TAMS 0x00000000cb700000, 0x00000000cb700000| Untracked 
|  42|0x00000000cb800000, 0x00000000cb800000, 0x00000000cb900000|  0%| F|  |TAMS 0x00000000cb800000, 0x00000000cb800000| Untracked 
|  43|0x00000000cb900000, 0x00000000cb900000, 0x00000000cba00000|  0%| F|  |TAMS 0x00000000cb900000, 0x00000000cb900000| Untracked 
|  44|0x00000000cba00000, 0x00000000cba00000, 0x00000000cbb00000|  0%| F|  |TAMS 0x00000000cba00000, 0x00000000cba00000| Untracked 
|  45|0x00000000cbb00000, 0x00000000cbb00000, 0x00000000cbc00000|  0%| F|  |TAMS 0x00000000cbb00000, 0x00000000cbb00000| Untracked 
|  46|0x00000000cbc00000, 0x00000000cbc00000, 0x00000000cbd00000|  0%| F|  |TAMS 0x00000000cbc00000, 0x00000000cbc00000| Untracked 
|  47|0x00000000cbd00000, 0x00000000cbd00000, 0x00000000cbe00000|  0%| F|  |TAMS 0x00000000cbd00000, 0x00000000cbd00000| Untracked 
|  48|0x00000000cbe00000, 0x00000000cbe00000, 0x00000000cbf00000|  0%| F|  |TAMS 0x00000000cbe00000, 0x00000000cbe00000| Untracked 
|  49|0x00000000cbf00000, 0x00000000cbf00000, 0x00000000cc000000|  0%| F|  |TAMS 0x00000000cbf00000, 0x00000000cbf00000| Untracked 
|  50|0x00000000cc000000, 0x00000000cc000000, 0x00000000cc100000|  0%| F|  |TAMS 0x00000000cc000000, 0x00000000cc000000| Untracked 
|  51|0x00000000cc100000, 0x00000000cc200000, 0x00000000cc200000|100%| E|  |TAMS 0x00000000cc100000, 0x00000000cc100000| Complete 
|  52|0x00000000cc200000, 0x00000000cc300000, 0x00000000cc300000|100%| E|CS|TAMS 0x00000000cc200000, 0x00000000cc200000| Complete 
|  53|0x00000000cc300000, 0x00000000cc400000, 0x00000000cc400000|100%| E|CS|TAMS 0x00000000cc300000, 0x00000000cc300000| Complete 
|  54|0x00000000cc400000, 0x00000000cc500000, 0x00000000cc500000|100%| E|CS|TAMS 0x00000000cc400000, 0x00000000cc400000| Complete 
|  55|0x00000000cc500000, 0x00000000cc600000, 0x00000000cc600000|100%| E|CS|TAMS 0x00000000cc500000, 0x00000000cc500000| Complete 

Card table byte_map: [0x000002537f840000,0x000002537fa00000] _byte_map_base: 0x000002537f1f9000

Marking Bits (Prev, Next): (CMBitMap*) 0x0000025367068a00, (CMBitMap*) 0x0000025367068a40
 Prev Bits: [0x0000025300000000, 0x0000025300dc8000)
 Next Bits: [0x0000025300dd0000, 0x0000025301b98000)

Polling page: 0x0000025366ee0000

Metaspace:

Usage:
  Non-class:      4.65 MB used.
      Class:    586.23 KB used.
       Both:      5.23 MB used.

Virtual space:
  Non-class space:        8.00 MB reserved,       4.69 MB ( 59%) committed,  1 nodes.
      Class space:        1.00 GB reserved,     704.00 KB ( <1%) committed,  1 nodes.
             Both:        1.01 GB reserved,       5.38 MB ( <1%) committed. 

Chunk freelists:
   Non-Class:  2.87 MB
       Class:  3.23 MB
        Both:  6.11 MB

MaxMetaspaceSize: unlimited
CompressedClassSpaceSize: 1.00 GB
Initial GC threshold: 21.00 MB
Current GC threshold: 21.00 MB
CDS: on
MetaspaceReclaimPolicy: balanced
 - commit_granule_bytes: 65536.
 - commit_granule_words: 8192.
 - virtual_space_node_default_size: 1048576.
 - enlarge_chunks_in_place: 1.
 - new_chunks_are_fully_committed: 0.
 - uncommit_free_chunks: 1.
 - use_allocation_guard: 0.
 - handle_deallocations: 1.


Internal statistics:

num_allocs_failed_limit: 0.
num_arena_births: 126.
num_arena_deaths: 0.
num_vsnodes_births: 2.
num_vsnodes_deaths: 0.
num_space_committed: 86.
num_space_uncommitted: 0.
num_chunks_returned_to_freelist: 0.
num_chunks_taken_from_freelist: 166.
num_chunk_merges: 0.
num_chunk_splits: 96.
num_chunks_enlarged: 29.
num_purges: 0.
num_inconsistent_stats: 0.

CodeHeap 'non-profiled nmethods': size=120000Kb used=147Kb max_used=147Kb free=119852Kb
 bounds [0x0000025377b30000, 0x0000025377da0000, 0x000002537f060000]
CodeHeap 'profiled nmethods': size=120000Kb used=802Kb max_used=802Kb free=119197Kb
 bounds [0x0000025370600000, 0x0000025370870000, 0x0000025377b30000]
CodeHeap 'non-nmethods': size=5760Kb used=1209Kb max_used=1217Kb free=4550Kb
 bounds [0x0000025370060000, 0x00000253702d0000, 0x0000025370600000]
 total_blobs=1072 nmethods=556 adapters=429
 compilation: enabled
              stopped_count=0, restarted_count=0
 full_count=0

Compilation events (20 events):
Event: 6.981 Thread 0x0000025303da8490  543       3       java.security.AccessController::executePrivileged (65 bytes)
Event: 6.982 Thread 0x0000025303da8490 nmethod 543 0x00000253706c7810 code [0x00000253706c79e0, 0x00000253706c7cd8]
Event: 6.982 Thread 0x0000025303da8490  544       1       java.awt.AWTEvent::getID (5 bytes)
Event: 6.982 Thread 0x0000025303da8490 nmethod 544 0x0000025377b52910 code [0x0000025377b52aa0, 0x0000025377b52b78]
Event: 6.982 Thread 0x0000025303da8490  545       1       java.util.concurrent.locks.AbstractOwnableSynchronizer::setExclusiveOwnerThread (6 bytes)
Event: 6.982 Thread 0x0000025303da8490 nmethod 545 0x0000025377b52c10 code [0x0000025377b52da0, 0x0000025377b52eb8]
Event: 6.982 Thread 0x0000025303da8490  548       1       java.beans.PropertyChangeEvent::getNewValue (5 bytes)
Event: 6.982 Thread 0x0000025303da8490 nmethod 548 0x0000025377b53790 code [0x0000025377b53920, 0x0000025377b539f8]
Event: 6.982 Thread 0x0000025303da8490  549       3       java.lang.Class::reflectionData (43 bytes)
Event: 6.983 Thread 0x0000025303da8490 nmethod 549 0x00000253706c7e10 code [0x00000253706c7fe0, 0x00000253706c83f8]
Event: 6.985 Thread 0x0000025303da8490  550       1       java.beans.PropertyChangeEvent::getOldValue (5 bytes)
Event: 6.985 Thread 0x0000025303da8490 nmethod 550 0x0000025377b53a90 code [0x0000025377b53c20, 0x0000025377b53cf8]
Event: 6.988 Thread 0x0000025303da8490  551       3       sun.util.locale.LocaleUtils::isUpper (18 bytes)
Event: 6.988 Thread 0x0000025303da8490 nmethod 551 0x00000253706c8510 code [0x00000253706c86a0, 0x00000253706c8818]
Event: 12.346 Thread 0x0000025303da8490  552       1       java.util.EventObject::getSource (5 bytes)
Event: 12.346 Thread 0x0000025303da8490 nmethod 552 0x0000025377b53d90 code [0x0000025377b53f20, 0x0000025377b53ff8]
Event: 12.346 Thread 0x0000025303da8490  553       1       java.util.concurrent.locks.AbstractOwnableSynchronizer::getExclusiveOwnerThread (5 bytes)
Event: 12.346 Thread 0x0000025303da8490 nmethod 553 0x0000025377b54510 code [0x0000025377b546a0, 0x0000025377b54778]
Event: 12.347 Thread 0x0000025303da7ae0  555       4       jdk.internal.org.objectweb.asm.Symbol::<init> (38 bytes)
Event: 12.347 Thread 0x0000025303da8490  556       3       jdk.internal.org.objectweb.asm.Type::getTypeInternal (199 bytes)

GC Heap History (0 events):
No events

Deoptimization events (0 events):
No events

Classes unloaded (0 events):
No events

Classes redefined (0 events):
No events

Internal exceptions (12 events):
Event: 0.287 Thread 0x000002536703aa90 Exception <a 'java/lang/ClassNotFoundException'{0x00000000cc431a68}: sun/awt/resources/spi/awtProvider> (0x00000000cc431a68) 
thrown [t:\workspace\open\src\hotspot\share\classfile\systemDictionary.cpp, line 256]
Event: 0.395 Thread 0x000002536703aa90 Exception <a 'java/io/FileNotFoundException'{0x00000000cc48aa00}> (0x00000000cc48aa00) 
thrown [t:\workspace\open\src\hotspot\share\prims\jni.cpp, line 516]
Event: 0.412 Thread 0x000002536703aa90 Exception <a 'java/io/FileNotFoundException'{0x00000000cc4b7968}> (0x00000000cc4b7968) 
thrown [t:\workspace\open\src\hotspot\share\prims\jni.cpp, line 516]
Event: 0.483 Thread 0x000002536703aa90 Exception <a 'java/lang/NoSuchMethodError'{0x00000000cc4f7d18}: 'java.lang.Object java.lang.invoke.DirectMethodHandle$Holder.invokeStaticInit(java.lang.Object)'> (0x00000000cc4f7d18) 
thrown [t:\workspace\open\src\hotspot\share\interpreter\linkResolver.cpp, line 766]
Event: 0.528 Thread 0x000002536703aa90 Exception <a 'java/lang/NoSuchMethodError'{0x00000000cc342298}: 'void java.lang.invoke.DirectMethodHandle$Holder.invokeSpecial(java.lang.Object, java.lang.Object, java.lang.Object)'> (0x00000000cc342298) 
thrown [t:\workspace\open\src\hotspot\share\interpreter\linkResolver.cpp, line 766]
Event: 0.541 Thread 0x000002536703aa90 Exception <a 'java/lang/NoSuchMethodError'{0x00000000cc3aeda0}: 'java.lang.Object java.lang.invoke.DirectMethodHandle$Holder.newInvokeSpecial(java.lang.Object, java.lang.Object, java.lang.Object, java.lang.Object, java.lang.Object)'> (0x00000000cc3aeda0) 
thrown [t:\workspace\open\src\hotspot\share\interpreter\linkResolver.cpp, line 766]
Event: 0.544 Thread 0x000002536703aa90 Exception <a 'java/lang/NoSuchMethodError'{0x00000000cc3ba768}: 'java.lang.Object java.lang.invoke.DirectMethodHandle$Holder.invokeStatic(java.lang.Object, int, java.lang.Object, java.lang.Object, java.lang.Object, java.lang.Object)'> (0x00000000cc3ba768) 
thrown [t:\workspace\open\src\hotspot\share\interpreter\linkResolver.cpp, line 766]
Event: 0.552 Thread 0x000002536703aa90 Exception <a 'java/lang/NoSuchMethodError'{0x00000000cc3e0198}: 'java.lang.Object java.lang.invoke.DirectMethodHandle$Holder.invokeStatic(java.lang.Object, int, java.lang.Object)'> (0x00000000cc3e0198) 
thrown [t:\workspace\open\src\hotspot\share\interpreter\linkResolver.cpp, line 766]
Event: 0.589 Thread 0x000002536703aa90 Exception <a 'java/lang/ClassNotFoundException'{0x00000000cc298308}: com/sun/swing/internal/plaf/metal/resources/spi/metalProvider> (0x00000000cc298308) 
thrown [t:\workspace\open\src\hotspot\share\classfile\systemDictionary.cpp, line 256]
Event: 0.591 Thread 0x000002536703aa90 Exception <a 'java/lang/ClassNotFoundException'{0x00000000cc29be98}: com/sun/swing/internal/plaf/basic/resources/spi/basicProvider> (0x00000000cc29be98) 
thrown [t:\workspace\open\src\hotspot\share\classfile\systemDictionary.cpp, line 256]
Event: 5.777 Thread 0x0000025304a54b60 Exception <a 'java/lang/NoSuchMethodError'{0x00000000cc352898}: 'void java.lang.invoke.DirectMethodHandle$Holder.invokeVirtual(java.lang.Object, java.lang.Object)'> (0x00000000cc352898) 
thrown [t:\workspace\open\src\hotspot\share\interpreter\linkResolver.cpp, line 766]
Event: 5.801 Thread 0x000002536703aa90 Exception <a 'java/lang/NoSuchMethodError'{0x00000000cc153370}: 'void java.lang.invoke.DirectMethodHandle$Holder.invokeStaticInit(java.lang.Object)'> (0x00000000cc153370) 
thrown [t:\workspace\open\src\hotspot\share\interpreter\linkResolver.cpp, line 766]

VM Operations (16 events):
Event: 0.589 Executing VM operation: HandshakeAllThreads
Event: 0.589 Executing VM operation: HandshakeAllThreads done
Event: 1.601 Executing VM operation: Cleanup
Event: 1.601 Executing VM operation: Cleanup done
Event: 5.787 Executing VM operation: HandshakeAllThreads
Event: 5.787 Executing VM operation: HandshakeAllThreads done
Event: 5.787 Executing VM operation: Cleanup
Event: 5.787 Executing VM operation: Cleanup done
Event: 5.877 Executing VM operation: HandshakeAllThreads
Event: 5.877 Executing VM operation: HandshakeAllThreads done
Event: 6.877 Executing VM operation: Cleanup
Event: 6.877 Executing VM operation: Cleanup done
Event: 6.975 Executing VM operation: HandshakeAllThreads
Event: 6.975 Executing VM operation: HandshakeAllThreads done
Event: 7.979 Executing VM operation: Cleanup
Event: 7.979 Executing VM operation: Cleanup done

Events (20 events):
Event: 6.997 loading class java/text/CharacterIterator done
Event: 6.997 loading class java/text/AttributedCharacterIterator done
Event: 6.997 loading class java/text/AttributedString$AttributedStringIterator done
Event: 6.998 loading class java/awt/TextComponent
Event: 6.998 loading class java/awt/TextComponent done
Event: 6.998 loading class javax/swing/text/JTextComponent
Event: 6.999 loading class javax/swing/Scrollable
Event: 6.999 loading class javax/swing/Scrollable done
Event: 6.999 loading class javax/swing/text/JTextComponent done
Event: 6.999 loading class java/util/concurrent/locks/AbstractQueuedSynchronizer$ConditionNode
Event: 7.000 loading class java/util/concurrent/ForkJoinPool$ManagedBlocker
Event: 7.000 loading class java/util/concurrent/ForkJoinPool$ManagedBlocker done
Event: 7.000 loading class java/util/concurrent/locks/AbstractQueuedSynchronizer$Node
Event: 7.000 loading class java/util/concurrent/locks/AbstractQueuedSynchronizer$Node done
Event: 7.000 loading class java/util/concurrent/locks/AbstractQueuedSynchronizer$ConditionNode done
Event: 12.261 loading class java/util/concurrent/locks/AbstractQueuedSynchronizer$ExclusiveNode
Event: 12.261 loading class java/util/concurrent/locks/AbstractQueuedSynchronizer$ExclusiveNode done
Event: 12.347 loading class sun/awt/event/IgnorePaintEvent
Event: 12.347 loading class sun/awt/event/IgnorePaintEvent done
Event: 12.348 loading class java/applet/Applet


Dynamic libraries:
0x00007ff6a2a50000 - 0x00007ff6a2a60000 	C:\Program Files\Java\jdk-17.0.2\bin\javaw.exe
0x00007ffa7ba10000 - 0x00007ffa7bc08000 	C:\WINDOWS\SYSTEM32\ntdll.dll
0x00007ffa7a5d0000 - 0x00007ffa7a68d000 	C:\WINDOWS\System32\KERNEL32.DLL
0x00007ffa795f0000 - 0x00007ffa798be000 	C:\WINDOWS\System32\KERNELBASE.dll
0x00007ffa794f0000 - 0x00007ffa795f0000 	C:\WINDOWS\System32\ucrtbase.dll
0x00007ffa6b900000 - 0x00007ffa6b91a000 	C:\Program Files\Java\jdk-17.0.2\bin\VCRUNTIME140.dll
0x00007ffa6be00000 - 0x00007ffa6be18000 	C:\Program Files\Java\jdk-17.0.2\bin\jli.dll
0x00007ffa7b0d0000 - 0x00007ffa7b17e000 	C:\WINDOWS\System32\ADVAPI32.dll
0x00007ffa7b8d0000 - 0x00007ffa7b96e000 	C:\WINDOWS\System32\msvcrt.dll
0x00007ffa79a70000 - 0x00007ffa79b0c000 	C:\WINDOWS\System32\sechost.dll
0x00007ffa7abe0000 - 0x00007ffa7ad05000 	C:\WINDOWS\System32\RPCRT4.dll
0x00007ffa7b730000 - 0x00007ffa7b8d0000 	C:\WINDOWS\System32\USER32.dll
0x00007ffa79310000 - 0x00007ffa79332000 	C:\WINDOWS\System32\win32u.dll
0x00007ffa7b5e0000 - 0x00007ffa7b60a000 	C:\WINDOWS\System32\GDI32.dll
0x00007ffa798c0000 - 0x00007ffa799cb000 	C:\WINDOWS\System32\gdi32full.dll
0x00007ffa79130000 - 0x00007ffa791cd000 	C:\WINDOWS\System32\msvcp_win.dll
0x00007ffa6ff90000 - 0x00007ffa6ff9a000 	C:\WINDOWS\SYSTEM32\VERSION.dll
0x00007ffa6d180000 - 0x00007ffa6d41a000 	C:\WINDOWS\WinSxS\amd64_microsoft.windows.common-controls_6595b64144ccf1df_6.0.19041.1110_none_60b5254171f9507e\COMCTL32.dll
0x00007ffa7a5a0000 - 0x00007ffa7a5d0000 	C:\WINDOWS\System32\IMM32.DLL
0x00007ffa6b8f0000 - 0x00007ffa6b8fc000 	C:\Program Files\Java\jdk-17.0.2\bin\vcruntime140_1.dll
0x00007ffa66d70000 - 0x00007ffa66dfd000 	C:\Program Files\Java\jdk-17.0.2\bin\msvcp140.dll
0x00007ffa36020000 - 0x00007ffa36be1000 	C:\Program Files\Java\jdk-17.0.2\bin\server\jvm.dll
0x00007ffa79c30000 - 0x00007ffa79c38000 	C:\WINDOWS\System32\PSAPI.DLL
0x00007ffa6cb10000 - 0x00007ffa6cb19000 	C:\WINDOWS\SYSTEM32\WSOCK32.dll
0x00007ffa7b6c0000 - 0x00007ffa7b72b000 	C:\WINDOWS\System32\WS2_32.dll
0x00007ffa616b0000 - 0x00007ffa616d7000 	C:\WINDOWS\SYSTEM32\WINMM.dll
0x00007ffa77d00000 - 0x00007ffa77d12000 	C:\WINDOWS\SYSTEM32\kernel.appcore.dll
0x00007ffa6b840000 - 0x00007ffa6b84a000 	C:\Program Files\Java\jdk-17.0.2\bin\jimage.dll
0x00007ffa77720000 - 0x00007ffa77904000 	C:\WINDOWS\SYSTEM32\DBGHELP.DLL
0x00007ffa6cb60000 - 0x00007ffa6cb8c000 	C:\WINDOWS\SYSTEM32\dbgcore.DLL
0x00007ffa79280000 - 0x00007ffa79302000 	C:\WINDOWS\System32\bcryptPrimitives.dll
0x00007ffa6b720000 - 0x00007ffa6b745000 	C:\Program Files\Java\jdk-17.0.2\bin\java.dll
0x00007ffa66b70000 - 0x00007ffa66c46000 	C:\Program Files\Java\jdk-17.0.2\bin\jsvml.dll
0x00007ffa79ca0000 - 0x00007ffa7a3e4000 	C:\WINDOWS\System32\SHELL32.dll
0x00007ffa76e80000 - 0x00007ffa77614000 	C:\WINDOWS\SYSTEM32\windows.storage.dll
0x00007ffa7b180000 - 0x00007ffa7b4d4000 	C:\WINDOWS\System32\combase.dll
0x00007ffa78ac0000 - 0x00007ffa78af0000 	C:\WINDOWS\SYSTEM32\Wldp.dll
0x00007ffa7b610000 - 0x00007ffa7b6bd000 	C:\WINDOWS\System32\SHCORE.dll
0x00007ffa7b970000 - 0x00007ffa7b9c5000 	C:\WINDOWS\System32\shlwapi.dll
0x00007ffa79070000 - 0x00007ffa7908f000 	C:\WINDOWS\SYSTEM32\profapi.dll
0x00007ffa4c8e0000 - 0x00007ffa4ca6f000 	C:\Program Files\Java\jdk-17.0.2\bin\awt.dll
0x00007ffa7adf0000 - 0x00007ffa7aebd000 	C:\WINDOWS\System32\OLEAUT32.dll
0x00007ffa738e0000 - 0x00007ffa73970000 	C:\WINDOWS\SYSTEM32\apphelp.dll
0x00007ffa769b0000 - 0x00007ffa769df000 	C:\WINDOWS\system32\DWMAPI.DLL
0x00007ffa76560000 - 0x00007ffa765fe000 	C:\WINDOWS\system32\uxtheme.dll
0x00007ffa5b0c0000 - 0x00007ffa5b1e7000 	C:\WINDOWS\system32\opengl32.dll
0x00007ffa61280000 - 0x00007ffa612ac000 	C:\WINDOWS\SYSTEM32\GLU32.dll
0x00007ffa79b10000 - 0x00007ffa79c25000 	C:\WINDOWS\System32\MSCTF.dll
0x00007ffa7aec0000 - 0x00007ffa7afea000 	C:\WINDOWS\System32\ole32.dll
0x00007ffa58bb0000 - 0x00007ffa58c39000 	C:\Program Files\Java\jdk-17.0.2\bin\freetype.dll
0x00007ffa499a0000 - 0x00007ffa49a48000 	C:\Program Files\Java\jdk-17.0.2\bin\fontmanager.dll
0x00007ffa6a670000 - 0x00007ffa6a769000 	C:\WINDOWS\SYSTEM32\textinputframework.dll
0x00007ffa73140000 - 0x00007ffa7349e000 	C:\WINDOWS\System32\CoreUIComponents.dll
0x00007ffa77e00000 - 0x00007ffa77e33000 	C:\WINDOWS\SYSTEM32\ntmarta.dll
0x00007ffa734a0000 - 0x00007ffa73592000 	C:\WINDOWS\System32\CoreMessaging.dll
0x00007ffa755c0000 - 0x00007ffa75714000 	C:\WINDOWS\SYSTEM32\wintypes.dll

dbghelp: loaded successfully - version: 4.0.5 - missing functions: none
symbol engine: initialized successfully - sym options: 0x614 - pdb path: .;C:\Program Files\Java\jdk-17.0.2\bin;C:\WINDOWS\SYSTEM32;C:\WINDOWS\WinSxS\amd64_microsoft.windows.common-controls_6595b64144ccf1df_6.0.19041.1110_none_60b5254171f9507e;C:\Program Files\Java\jdk-17.0.2\bin\server

VM Arguments:
jvm_args: -Dfile.encoding=Cp1252 -XX:+ShowCodeDetailsInExceptionMessages 
java_command: PRINCIPAL.principal
java_class_path (initial): C:\Users\aluno\Desktop\AlexandreFaculdade\JavaAlexandre\Src\bin
Launcher Type: SUN_STANDARD

[Global flags]
     intx CICompilerCount                          = 3                                         {product} {ergonomic}
     uint ConcGCThreads                            = 1                                         {product} {ergonomic}
     uint G1ConcRefinementThreads                  = 4                                         {product} {ergonomic}
   size_t G1HeapRegionSize                         = 1048576                                   {product} {ergonomic}
    uintx GCDrainStackTargetSize                   = 64                                        {product} {ergonomic}
   size_t InitialHeapSize                          = 58720256                                  {product} {ergonomic}
   size_t MarkStackSize                            = 4194304                                   {product} {ergonomic}
   size_t MaxHeapSize                              = 924844032                                 {product} {ergonomic}
   size_t MaxNewSize                               = 554696704                                 {product} {ergonomic}
   size_t MinHeapDeltaBytes                        = 1048576                                   {product} {ergonomic}
   size_t MinHeapSize                              = 8388608                                   {product} {ergonomic}
    uintx NonNMethodCodeHeapSize                   = 5832780                                {pd product} {ergonomic}
    uintx NonProfiledCodeHeapSize                  = 122912730                              {pd product} {ergonomic}
    uintx ProfiledCodeHeapSize                     = 122912730                              {pd product} {ergonomic}
    uintx ReservedCodeCacheSize                    = 251658240                              {pd product} {ergonomic}
     bool SegmentedCodeCache                       = true                                      {product} {ergonomic}
     bool ShowCodeDetailsInExceptionMessages       = true                                   {manageable} {command line}
   size_t SoftMaxHeapSize                          = 924844032                              {manageable} {ergonomic}
     bool UseCompressedClassPointers               = true                           {product lp64_product} {ergonomic}
     bool UseCompressedOops                        = true                           {product lp64_product} {ergonomic}
     bool UseG1GC                                  = true                                      {product} {ergonomic}
     bool UseLargePagesIndividualAllocation        = false                                  {pd product} {ergonomic}

Logging:
Log output configuration:
 #0: stdout all=warning uptime,level,tags
 #1: stderr all=off uptime,level,tags

Environment Variables:
JAVA_HOME=C:\Program Files\Java\jdk-17.0.2
PATH=C:\Program Files\Common Files\Oracle\Java\javapath;C:\Program Files (x86)\Common Files\Oracle\Java\javapath;C:\WINDOWS\system32;C:\WINDOWS;C:\WINDOWS\System32\Wbem;C:\WINDOWS\System32\WindowsPowerShell\v1.0\;C:\WINDOWS\System32\OpenSSH\;C:\Program Files\Microsoft VS Code\bin;C:\Program Files\Java\jdk-17.0.2\bin;C:\Program Files\nodejs\;C:\Users\aluno\AppData\Local\Microsoft\WindowsApps;C:\Users\aluno\AppData\Roaming\npm;C:\Users\aluno\AppData\Local\Programs\Git\cmd
USERNAME=aluno
OS=Windows_NT
PROCESSOR_IDENTIFIER=Intel64 Family 6 Model 61 Stepping 4, GenuineIntel



---------------  S Y S T E M  ---------------

OS:
 Windows 10 , 64 bit Build 19041 (10.0.19041.1889)
OS uptime: 0 days 2:03 hours

CPU: total 4 (initial active 4) (2 cores per cpu, 2 threads per core) family 6 model 61 stepping 4 microcode 0x2d, cx8, cmov, fxsr, ht, mmx, 3dnowpref, sse, sse2, sse3, ssse3, sse4.1, sse4.2, popcnt, lzcnt, tsc, tscinvbit, avx, avx2, aes, erms, clmul, bmi1, bmi2, adx, fma, vzeroupper, clflush

Memory: 4k page, system-wide physical 3521M (189M free)
TotalPageFile size 14273M (AvailPageFile size 0M)
current process WorkingSet (physical memory assigned to process): 46M, peak: 46M
current process commit charge ("private bytes"): 133M, peak: 134M

vm_info: Java HotSpot(TM) 64-Bit Server VM (17.0.2+8-LTS-86) for windows-amd64 JRE (17.0.2+8-LTS-86), built on Dec  7 2021 21:51:03 by "mach5one" with MS VC++ 16.8 / 16.9 (VS2019)

END.
